<?xml version="1.0" encoding="UTF-8"?>
<!-- Generated by org.testng.reporters.JUnitReportReporter -->
<testsuite name="slide_show.AutoComplete" tests="1" time="0.599" ignored="0" failures="0" timestamp="09 Jan 2017 06:26:51 GMT" skipped="0" hostname="Sumit-PC" errors="0">
  <testcase name="method2" time="0.599" classname="slide_show.AutoComplete"/>
</testsuite> <!-- slide_show.AutoComplete -->
