<?xml version="1.0" encoding="UTF-8"?>
<!-- Generated by org.testng.reporters.JUnitReportReporter -->
<testsuite name="slide_show.datepicker" tests="1" time="12.812" ignored="0" failures="0" timestamp="09 Jan 2017 06:31:09 GMT" skipped="0" hostname="Sumit-PC" errors="0">
  <testcase name="method1" time="12.812" classname="slide_show.datepicker"/>
</testsuite> <!-- slide_show.datepicker -->
